[debug] [2021-04-01T10:38:44.699Z] ----------------------------------------------------------------------
[debug] [2021-04-01T10:38:44.701Z] Command:       C:\Program Files\nodejs\node.exe C:\Users\bonbl\AppData\Roaming\npm\node_modules\firebase-tools\lib\bin\firebase.js init
[debug] [2021-04-01T10:38:44.701Z] CLI Version:   9.8.0
[debug] [2021-04-01T10:38:44.701Z] Platform:      win32
[debug] [2021-04-01T10:38:44.701Z] Node Version:  v14.15.5
[debug] [2021-04-01T10:38:44.703Z] Time:          Thu Apr 01 2021 16:08:44 GMT+0530 (India Standard Time)
[debug] [2021-04-01T10:38:44.703Z] ----------------------------------------------------------------------
[debug] 
[debug] [2021-04-01T10:38:44.707Z] > command requires scopes: ["email","openid","https://www.googleapis.com/auth/cloudplatformprojects.readonly","https://www.googleapis.com/auth/firebase","https://www.googleapis.com/auth/cloud-platform"]
[debug] [2021-04-01T10:38:44.708Z] > authorizing via signed-in user
[info] 
     ######## #### ########  ######## ########     ###     ######  ########
     ##        ##  ##     ## ##       ##     ##  ##   ##  ##       ##
     ######    ##  ########  ######   ########  #########  ######  ######
     ##        ##  ##    ##  ##       ##     ## ##     ##       ## ##
     ##       #### ##     ## ######## ########  ##     ##  ######  ########

You're about to initialize a Firebase project in this directory:

  D:\Angular Projects\angular-course-project

[info] 
=== Project Setup
[info] 
[info] First, let's associate this project directory with a Firebase project.
[info] You can create multiple project aliases by running firebase use --add, 
[info] but for now we'll just set up a default project.
[info] 
[debug] [2021-04-01T10:39:40.007Z] >>> [apiv2][query] GET https://firebase.googleapis.com/v1beta1/projects pageSize=100
[debug] [2021-04-01T10:39:41.633Z] <<< [apiv2][status] GET https://firebase.googleapis.com/v1beta1/projects 200
[debug] [2021-04-01T10:39:41.633Z] <<< [apiv2][body] GET https://firebase.googleapis.com/v1beta1/projects [omitted]
[debug] [2021-04-01T10:41:20.943Z] ----------------------------------------------------------------------
[debug] [2021-04-01T10:41:20.947Z] Command:       C:\Program Files\nodejs\node.exe C:\Users\bonbl\AppData\Roaming\npm\node_modules\firebase-tools\lib\bin\firebase.js init
[debug] [2021-04-01T10:41:20.947Z] CLI Version:   9.8.0
[debug] [2021-04-01T10:41:20.948Z] Platform:      win32
[debug] [2021-04-01T10:41:20.948Z] Node Version:  v14.15.5
[debug] [2021-04-01T10:41:20.951Z] Time:          Thu Apr 01 2021 16:11:20 GMT+0530 (India Standard Time)
[debug] [2021-04-01T10:41:20.952Z] ----------------------------------------------------------------------
[debug] 
[debug] [2021-04-01T10:41:20.960Z] > command requires scopes: ["email","openid","https://www.googleapis.com/auth/cloudplatformprojects.readonly","https://www.googleapis.com/auth/firebase","https://www.googleapis.com/auth/cloud-platform"]
[debug] [2021-04-01T10:41:20.961Z] > authorizing via signed-in user
[info] 
     ######## #### ########  ######## ########     ###     ######  ########
     ##        ##  ##     ## ##       ##     ##  ##   ##  ##       ##
     ######    ##  ########  ######   ########  #########  ######  ######
     ##        ##  ##    ##  ##       ##     ## ##     ##       ## ##
     ##       #### ##     ## ######## ########  ##     ##  ######  ########

You're about to initialize a Firebase project in this directory:

  D:\Angular Projects\angular-course-project

[info] 
=== Project Setup
[info] 
[info] First, let's associate this project directory with a Firebase project.
[info] You can create multiple project aliases by running firebase use --add, 
[info] but for now we'll just set up a default project.
[info] 
[info] i  If you want to create a project in a Google Cloud organization or folder, please use "firebase projects:create" instead, and return to this command when you've created the project. 
[debug] [2021-04-02T06:17:16.729Z] ----------------------------------------------------------------------
[debug] [2021-04-02T06:17:16.732Z] Command:       C:\Program Files\nodejs\node.exe C:\Users\bonbl\AppData\Roaming\npm\node_modules\firebase-tools\lib\bin\firebase.js init
[debug] [2021-04-02T06:17:16.733Z] CLI Version:   9.8.0
[debug] [2021-04-02T06:17:16.733Z] Platform:      win32
[debug] [2021-04-02T06:17:16.733Z] Node Version:  v14.15.5
[debug] [2021-04-02T06:17:16.736Z] Time:          Fri Apr 02 2021 11:47:16 GMT+0530 (India Standard Time)
[debug] [2021-04-02T06:17:16.736Z] ----------------------------------------------------------------------
[debug] 
[debug] [2021-04-02T06:17:16.743Z] > command requires scopes: ["email","openid","https://www.googleapis.com/auth/cloudplatformprojects.readonly","https://www.googleapis.com/auth/firebase","https://www.googleapis.com/auth/cloud-platform"]
[debug] [2021-04-02T06:17:16.743Z] > authorizing via signed-in user
[info] 
     ######## #### ########  ######## ########     ###     ######  ########
     ##        ##  ##     ## ##       ##     ##  ##   ##  ##       ##
     ######    ##  ########  ######   ########  #########  ######  ######
     ##        ##  ##    ##  ##       ##     ## ##     ##       ## ##
     ##       #### ##     ## ######## ########  ##     ##  ######  ########

You're about to initialize a Firebase project in this directory:

  D:\Angular Projects\angular-course-project

[info] 
=== Project Setup
[info] 
[info] First, let's associate this project directory with a Firebase project.
[info] You can create multiple project aliases by running firebase use --add, 
[info] but for now we'll just set up a default project.
[info] 
[debug] [2021-04-02T06:17:31.166Z] > refreshing access token with scopes: []
[debug] [2021-04-02T06:17:31.167Z] >>> HTTP REQUEST POST https://www.googleapis.com/oauth2/v3/token  
 <request body omitted>
[debug] [2021-04-02T06:17:31.915Z] <<< HTTP RESPONSE 200 {"pragma":"no-cache","expires":"Mon, 01 Jan 1990 00:00:00 GMT","cache-control":"no-cache, no-store, max-age=0, must-revalidate","date":"Fri, 02 Apr 2021 06:17:31 GMT","content-type":"application/json; charset=utf-8","vary":"X-Origin, Referer, Origin,Accept-Encoding","server":"scaffolding on HTTPServer2","x-xss-protection":"0","x-frame-options":"SAMEORIGIN","x-content-type-options":"nosniff","alt-svc":"h3-29=\":443\"; ma=2592000,h3-T051=\":443\"; ma=2592000,h3-Q050=\":443\"; ma=2592000,h3-Q046=\":443\"; ma=2592000,h3-Q043=\":443\"; ma=2592000,quic=\":443\"; ma=2592000; v=\"46,43\"","accept-ranges":"none","transfer-encoding":"chunked"}
[debug] [2021-04-02T06:17:31.935Z] >>> [apiv2][query] GET https://firebase.googleapis.com/v1beta1/projects pageSize=100
[debug] [2021-04-02T06:17:32.762Z] <<< [apiv2][status] GET https://firebase.googleapis.com/v1beta1/projects 200
[debug] [2021-04-02T06:17:32.762Z] <<< [apiv2][body] GET https://firebase.googleapis.com/v1beta1/projects [omitted]
[info] i  Using project recipe-book-67429 (recipe-book) 
[info] 
=== Hosting Setup
[info] 
[info] Your public directory is the folder (relative to your project directory) that
[info] will contain Hosting assets to be uploaded with firebase deploy. If you
[info] have a build process for your assets, use your build's output directory.
[info] 
[debug] [2021-04-02T06:21:13.077Z] >>> [apiv2][query] GET https://www.gstatic.com/firebasejs/releases.json [none]
[debug] [2021-04-02T06:21:13.303Z] <<< [apiv2][status] GET https://www.gstatic.com/firebasejs/releases.json 200
[debug] [2021-04-02T06:21:13.304Z] <<< [apiv2][body] GET https://www.gstatic.com/firebasejs/releases.json {"current":{"version":"8.3.2","browserURL":"https://www.gstatic.com/firebasejs/8.3.2/firebase.js","packageURL":"https://www.gstatic.com/firebasejs/8.3.2/firebase.tgz"},"live":{"version":"8.3","browserURL":"https://www.gstatic.com/firebasejs/live/8.3/firebase.js","packageURL":"https://www.gstatic.com/firebasejs/live/8.3/firebase.tgz"},"components":{"analytics":"https://www.gstatic.com/firebasejs/8.3.2/firebase-analytics.js","app":"https://www.gstatic.com/firebasejs/8.3.2/firebase-app.js","auth":"https://www.gstatic.com/firebasejs/8.3.2/firebase-auth.js","database":"https://www.gstatic.com/firebasejs/8.3.2/firebase-database.js","firestore":"https://www.gstatic.com/firebasejs/8.3.2/firebase-firestore.js","functions":"https://www.gstatic.com/firebasejs/8.3.2/firebase-functions.js","installations":"https://www.gstatic.com/firebasejs/8.3.2/firebase-installations.js","messaging":"https://www.gstatic.com/firebasejs/8.3.2/firebase-messaging.js","storage":"https://www.gstatic.com/firebasejs/8.3.2/firebase-storage.js","performance":"https://www.gstatic.com/firebasejs/8.3.2/firebase-performance.js","remote-config":"https://www.gstatic.com/firebasejs/8.3.2/firebase-remote-config.js","firestore.memory":"https://www.gstatic.com/firebasejs/8.3.2/firebase-firestore.memory.js"}}
[info] i  Skipping write of dist/angular-course-project/index.html 
[info] 
[info] i  Didn't detect a .git folder. Assuming D:\Angular Projects\angular-course-project is the project root. 
[info] i  Authorizing with GitHub to upload your service account to a GitHub repository's secrets store. 
[info] 
[info] Visit this URL on this device to log in:
[info] https://github.com/login/oauth/authorize?client_id=89cf50f02ac6aaed3484&state=13937482&redirect_uri=http%3A%2F%2Flocalhost%3A9005&scope=read%3Auser%20repo%20public_repo
[info] 
[info] Waiting for authentication...
[debug] [2021-04-02T06:28:32.884Z] >>> HTTP REQUEST POST https://github.com/login/oauth/access_token  
 {"client_id":"89cf50f02ac6aaed3484","client_secret":"3330d14abc895d9a74d5f17cd7a00711fa2c5bf0","code":"6a4bfb41e6c75a9080a6","redirect_uri":"http://localhost:9005","state":"13937482"}
[debug] [2021-04-02T06:28:33.455Z] <<< HTTP RESPONSE 200 {"server":"GitHub.com","date":"Fri, 02 Apr 2021 06:28:33 GMT","content-type":"application/json; charset=utf-8","transfer-encoding":"chunked","vary":"X-PJAX, Accept-Encoding, Accept, X-Requested-With","etag":"W/\"bb4356116f89ddf4521a658d23f12dce\"","cache-control":"max-age=0, private, must-revalidate","strict-transport-security":"max-age=31536000; includeSubdomains; preload","x-frame-options":"deny","x-content-type-options":"nosniff","x-xss-protection":"0","referrer-policy":"origin-when-cross-origin, strict-origin-when-cross-origin","expect-ct":"max-age=2592000, report-uri=\"https://api.github.com/_private/browser/errors\"","content-security-policy":"default-src 'none'; base-uri 'self'; block-all-mixed-content; connect-src 'self' uploads.github.com www.githubstatus.com collector.githubapp.com api.github.com github-cloud.s3.amazonaws.com github-production-repository-file-5c1aeb.s3.amazonaws.com github-production-upload-manifest-file-7fdce7.s3.amazonaws.com github-production-user-asset-6210df.s3.amazonaws.com cdn.optimizely.com logx.optimizely.com/v1/events wss://alive.github.com; font-src github.githubassets.com; form-action 'self' github.com gist.github.com; frame-ancestors 'none'; frame-src render.githubusercontent.com; img-src 'self' data: github.githubassets.com identicons.github.com collector.githubapp.com github-cloud.s3.amazonaws.com secured-user-images.githubusercontent.com/ *.githubusercontent.com; manifest-src 'self'; media-src 'none'; script-src github.githubassets.com; style-src 'unsafe-inline' github.githubassets.com; worker-src github.com/socket-worker-3f088aa2.js gist.github.com/socket-worker-3f088aa2.js","x-github-request-id":"DD12:2C27:FE57F:129299:6066B991"}
[debug] [2021-04-02T06:28:33.467Z] >>> [apiv2][query] GET https://api.github.com/user [none]
[debug] [2021-04-02T06:28:34.053Z] <<< [apiv2][status] GET https://api.github.com/user 200
[debug] [2021-04-02T06:28:34.053Z] <<< [apiv2][body] GET https://api.github.com/user {"login":"PrateekUpd","id":37404770,"node_id":"MDQ6VXNlcjM3NDA0Nzcw","avatar_url":"https://avatars.githubusercontent.com/u/37404770?v=4","gravatar_id":"","url":"https://api.github.com/users/PrateekUpd","html_url":"https://github.com/PrateekUpd","followers_url":"https://api.github.com/users/PrateekUpd/followers","following_url":"https://api.github.com/users/PrateekUpd/following{/other_user}","gists_url":"https://api.github.com/users/PrateekUpd/gists{/gist_id}","starred_url":"https://api.github.com/users/PrateekUpd/starred{/owner}{/repo}","subscriptions_url":"https://api.github.com/users/PrateekUpd/subscriptions","organizations_url":"https://api.github.com/users/PrateekUpd/orgs","repos_url":"https://api.github.com/users/PrateekUpd/repos","events_url":"https://api.github.com/users/PrateekUpd/events{/privacy}","received_events_url":"https://api.github.com/users/PrateekUpd/received_events","type":"User","site_admin":false,"name":null,"company":null,"blog":"","location":null,"email":null,"hireable":null,"bio":null,"twitter_username":null,"public_repos":10,"public_gists":0,"followers":1,"following":2,"created_at":"2018-03-15T11:49:44Z","updated_at":"2021-04-02T06:28:02Z","private_gists":0,"total_private_repos":5,"owned_private_repos":4,"disk_usage":118077,"collaborators":5,"two_factor_authentication":false,"plan":{"name":"pro","space":976562499,"collaborators":0,"private_repos":9999}}
[info] 
[info] +  Success! Logged into GitHub as PrateekUpd 
[info] 
